TN:
SF:src\database.ts
FNF:0
FNH:0
DA:1,1
DA:2,1
DA:4,1
LF:3
LH:3
BRF:0
BRH:0
end_of_record
TN:
SF:src\index.ts
FN:11,(anonymous_7)
FNF:1
FNH:0
FNDA:0,(anonymous_7)
DA:1,1
DA:2,1
DA:4,1
DA:6,1
DA:8,1
DA:9,1
DA:11,1
DA:12,1
DA:15,1
LF:9
LH:9
BRF:0
BRH:0
end_of_record
TN:
SF:src\controllers\fruits-controller.ts
FN:8,getFruits
FN:13,getSpecificFruit
FN:26,createFruit
FNF:3
FNH:3
FNDA:1,getFruits
FNDA:3,getSpecificFruit
FNDA:2,createFruit
DA:2,1
DA:4,1
DA:5,1
DA:8,1
DA:9,1
DA:10,1
DA:13,1
DA:14,3
DA:15,3
DA:17,2
DA:18,2
DA:19,1
DA:21,1
DA:22,1
DA:26,1
DA:27,2
DA:28,2
DA:29,2
DA:30,1
DA:32,1
DA:33,1
LF:21
LH:21
BRDA:15,0,0,1
BRF:1
BRH:1
end_of_record
TN:
SF:src\errors\conflict-error.ts
FN:1,conflictError
FNF:1
FNH:1
FNDA:1,conflictError
DA:1,1
DA:2,1
DA:3,1
LF:3
LH:3
BRDA:2,0,0,1
BRDA:2,0,1,1
BRF:2
BRH:2
end_of_record
TN:
SF:src\errors\notfound-error.ts
FN:1,notFoundError
FNF:1
FNH:1
FNDA:1,notFoundError
DA:1,1
DA:2,1
DA:3,1
LF:3
LH:3
BRDA:2,0,0,1
BRDA:2,0,1,1
BRF:2
BRH:2
end_of_record
TN:
SF:src\middlewares\schemaValidatorMiddleware.ts
FN:5,validateSchemaMiddleware
FN:6,(anonymous_2)
FNF:2
FNH:2
FNDA:1,validateSchemaMiddleware
FNDA:3,(anonymous_2)
DA:2,1
DA:5,1
DA:6,1
DA:7,3
DA:8,3
DA:9,1
DA:12,2
LF:7
LH:7
BRDA:8,0,0,1
BRF:1
BRH:1
end_of_record
TN:
SF:src\repositories\fruits-repository.ts
FN:4,getFruits
FN:8,getSpecificFruit
FN:16,getSpecificFruitByName
FN:24,insertFruit
FNF:4
FNH:4
FNDA:1,getFruits
FNDA:2,getSpecificFruit
FNDA:2,getSpecificFruitByName
FNDA:1,insertFruit
DA:1,1
DA:5,1
DA:9,2
DA:17,2
DA:25,1
DA:30,1
DA:37,1
LF:7
LH:7
BRF:0
BRH:0
end_of_record
TN:
SF:src\routers\fruits-router.ts
FNF:0
FNH:0
DA:1,1
DA:3,1
DA:4,1
DA:5,1
DA:7,1
DA:9,1
DA:10,1
DA:11,1
DA:13,1
LF:9
LH:9
BRF:0
BRH:0
end_of_record
TN:
SF:src\schemas\fruit-schema.ts
FNF:0
FNH:0
DA:1,1
DA:4,1
LF:2
LH:2
BRF:0
BRH:0
end_of_record
TN:
SF:src\services\fruits-service.ts
FN:7,getFruits
FN:11,getSpecificFruit
FN:20,createFruit
FNF:3
FNH:3
FNDA:1,getFruits
FNDA:2,getSpecificFruit
FNDA:2,createFruit
DA:2,1
DA:3,1
DA:4,1
DA:8,1
DA:12,2
DA:13,2
DA:14,1
DA:17,1
DA:21,2
DA:22,2
DA:23,1
DA:26,1
DA:29,1
DA:35,1
LF:14
LH:14
BRDA:13,0,0,1
BRDA:22,1,0,1
BRF:2
BRH:2
end_of_record
TN:
SF:src\utils\id-validator.ts
FN:1,isValid
FNF:1
FNH:1
FNDA:3,isValid
DA:1,1
DA:2,3
LF:2
LH:2
BRDA:2,0,0,3
BRDA:2,0,1,2
BRF:2
BRH:2
end_of_record
